CRITICAL - 2023-05-11 03:01:29 --> Invalid file: "layouts/v2/header.php"
in SYSTEMPATH/Exceptions/FrameworkException.php on line 33.
 1 SYSTEMPATH/View/View.php(201): CodeIgniter\Exceptions\FrameworkException::forInvalidFile('layouts/v2/header.php')
 2 SYSTEMPATH/View/View.php(431): CodeIgniter\View\View->render('layouts/v2/header', null, true)
 3 APPPATH/Views/base.php(9): CodeIgniter\View\View->include('layouts/v2/header')
 4 SYSTEMPATH/View/View.php(213): include('APPPATH/Views/base.php')
 5 SYSTEMPATH/View/View.php(216): CodeIgniter\View\View->CodeIgniter\View\{closure}()
 6 SYSTEMPATH/View/View.php(229): CodeIgniter\View\View->render('base', [], true)
 7 SYSTEMPATH/Common.php(1184): CodeIgniter\View\View->render('auth/login', [], true)
 8 APPPATH/Controllers/Login.php(24): view('auth/login')
 9 SYSTEMPATH/CodeIgniter.php(934): App\Controllers\Login->index()
10 SYSTEMPATH/CodeIgniter.php(499): CodeIgniter\CodeIgniter->runController(Object(App\Controllers\Login))
11 SYSTEMPATH/CodeIgniter.php(368): CodeIgniter\CodeIgniter->handleRequest(null, Object(Config\Cache), false)
12 FCPATH/index.php(67): CodeIgniter\CodeIgniter->run()
13 SYSTEMPATH/Commands/Server/rewrite.php(47): require_once('FCPATH/index.php')
CRITICAL - 2023-05-11 03:01:41 --> Invalid file: "layouts/v2/header.php"
in SYSTEMPATH/Exceptions/FrameworkException.php on line 33.
 1 SYSTEMPATH/View/View.php(201): CodeIgniter\Exceptions\FrameworkException::forInvalidFile('layouts/v2/header.php')
 2 SYSTEMPATH/View/View.php(431): CodeIgniter\View\View->render('layouts/v2/header', null, true)
 3 APPPATH/Views/base.php(9): CodeIgniter\View\View->include('layouts/v2/header')
 4 SYSTEMPATH/View/View.php(213): include('APPPATH/Views/base.php')
 5 SYSTEMPATH/View/View.php(216): CodeIgniter\View\View->CodeIgniter\View\{closure}()
 6 SYSTEMPATH/View/View.php(229): CodeIgniter\View\View->render('base', [], true)
 7 SYSTEMPATH/Common.php(1184): CodeIgniter\View\View->render('product/index', [], true)
 8 APPPATH/Controllers/Product.php(28): view('product/index', [...])
 9 SYSTEMPATH/CodeIgniter.php(934): App\Controllers\Product->index()
10 SYSTEMPATH/CodeIgniter.php(499): CodeIgniter\CodeIgniter->runController(Object(App\Controllers\Product))
11 SYSTEMPATH/CodeIgniter.php(368): CodeIgniter\CodeIgniter->handleRequest(null, Object(Config\Cache), false)
12 FCPATH/index.php(67): CodeIgniter\CodeIgniter->run()
13 SYSTEMPATH/Commands/Server/rewrite.php(47): require_once('FCPATH/index.php')
CRITICAL - 2023-05-11 04:11:42 --> Invalid file: "layouts/v2/header.php"
in SYSTEMPATH/Exceptions/FrameworkException.php on line 33.
 1 SYSTEMPATH/View/View.php(201): CodeIgniter\Exceptions\FrameworkException::forInvalidFile('layouts/v2/header.php')
 2 SYSTEMPATH/View/View.php(431): CodeIgniter\View\View->render('layouts/v2/header', null, true)
 3 APPPATH/Views/base.php(9): CodeIgniter\View\View->include('layouts/v2/header')
 4 SYSTEMPATH/View/View.php(213): include('APPPATH/Views/base.php')
 5 SYSTEMPATH/View/View.php(216): CodeIgniter\View\View->CodeIgniter\View\{closure}()
 6 SYSTEMPATH/View/View.php(229): CodeIgniter\View\View->render('base', [], true)
 7 SYSTEMPATH/Common.php(1184): CodeIgniter\View\View->render('auth/login', [], true)
 8 APPPATH/Controllers/Login.php(24): view('auth/login')
 9 SYSTEMPATH/CodeIgniter.php(934): App\Controllers\Login->index()
10 SYSTEMPATH/CodeIgniter.php(499): CodeIgniter\CodeIgniter->runController(Object(App\Controllers\Login))
11 SYSTEMPATH/CodeIgniter.php(368): CodeIgniter\CodeIgniter->handleRequest(null, Object(Config\Cache), false)
12 FCPATH/index.php(67): CodeIgniter\CodeIgniter->run()
13 SYSTEMPATH/Commands/Server/rewrite.php(47): require_once('FCPATH/index.php')
CRITICAL - 2023-05-11 04:11:43 --> Invalid file: "layouts/v2/header.php"
in SYSTEMPATH/Exceptions/FrameworkException.php on line 33.
 1 SYSTEMPATH/View/View.php(201): CodeIgniter\Exceptions\FrameworkException::forInvalidFile('layouts/v2/header.php')
 2 SYSTEMPATH/View/View.php(431): CodeIgniter\View\View->render('layouts/v2/header', null, true)
 3 APPPATH/Views/base.php(9): CodeIgniter\View\View->include('layouts/v2/header')
 4 SYSTEMPATH/View/View.php(213): include('APPPATH/Views/base.php')
 5 SYSTEMPATH/View/View.php(216): CodeIgniter\View\View->CodeIgniter\View\{closure}()
 6 SYSTEMPATH/View/View.php(229): CodeIgniter\View\View->render('base', [], true)
 7 SYSTEMPATH/Common.php(1184): CodeIgniter\View\View->render('auth/login', [], true)
 8 APPPATH/Controllers/Login.php(24): view('auth/login')
 9 SYSTEMPATH/CodeIgniter.php(934): App\Controllers\Login->index()
10 SYSTEMPATH/CodeIgniter.php(499): CodeIgniter\CodeIgniter->runController(Object(App\Controllers\Login))
11 SYSTEMPATH/CodeIgniter.php(368): CodeIgniter\CodeIgniter->handleRequest(null, Object(Config\Cache), false)
12 FCPATH/index.php(67): CodeIgniter\CodeIgniter->run()
13 SYSTEMPATH/Commands/Server/rewrite.php(47): require_once('FCPATH/index.php')
CRITICAL - 2023-05-11 04:12:17 --> Invalid file: "layouts/v2/header.php"
in SYSTEMPATH/Exceptions/FrameworkException.php on line 33.
 1 SYSTEMPATH/View/View.php(201): CodeIgniter\Exceptions\FrameworkException::forInvalidFile('layouts/v2/header.php')
 2 SYSTEMPATH/View/View.php(431): CodeIgniter\View\View->render('layouts/v2/header', null, true)
 3 APPPATH/Views/base.php(9): CodeIgniter\View\View->include('layouts/v2/header')
 4 SYSTEMPATH/View/View.php(213): include('APPPATH/Views/base.php')
 5 SYSTEMPATH/View/View.php(216): CodeIgniter\View\View->CodeIgniter\View\{closure}()
 6 SYSTEMPATH/View/View.php(229): CodeIgniter\View\View->render('base', [], true)
 7 SYSTEMPATH/Common.php(1184): CodeIgniter\View\View->render('product/index', [], true)
 8 APPPATH/Controllers/Product.php(28): view('product/index', [...])
 9 SYSTEMPATH/CodeIgniter.php(934): App\Controllers\Product->index()
10 SYSTEMPATH/CodeIgniter.php(499): CodeIgniter\CodeIgniter->runController(Object(App\Controllers\Product))
11 SYSTEMPATH/CodeIgniter.php(368): CodeIgniter\CodeIgniter->handleRequest(null, Object(Config\Cache), false)
12 FCPATH/index.php(67): CodeIgniter\CodeIgniter->run()
13 SYSTEMPATH/Commands/Server/rewrite.php(47): require_once('FCPATH/index.php')
CRITICAL - 2023-05-11 04:12:24 --> Invalid file: "layouts/v2/header.php"
in SYSTEMPATH/Exceptions/FrameworkException.php on line 33.
 1 SYSTEMPATH/View/View.php(201): CodeIgniter\Exceptions\FrameworkException::forInvalidFile('layouts/v2/header.php')
 2 SYSTEMPATH/View/View.php(431): CodeIgniter\View\View->render('layouts/v2/header', null, true)
 3 APPPATH/Views/base.php(9): CodeIgniter\View\View->include('layouts/v2/header')
 4 SYSTEMPATH/View/View.php(213): include('APPPATH/Views/base.php')
 5 SYSTEMPATH/View/View.php(216): CodeIgniter\View\View->CodeIgniter\View\{closure}()
 6 SYSTEMPATH/View/View.php(229): CodeIgniter\View\View->render('base', [], true)
 7 SYSTEMPATH/Common.php(1184): CodeIgniter\View\View->render('auth/login', [], true)
 8 APPPATH/Controllers/Login.php(24): view('auth/login')
 9 SYSTEMPATH/CodeIgniter.php(934): App\Controllers\Login->index()
10 SYSTEMPATH/CodeIgniter.php(499): CodeIgniter\CodeIgniter->runController(Object(App\Controllers\Login))
11 SYSTEMPATH/CodeIgniter.php(368): CodeIgniter\CodeIgniter->handleRequest(null, Object(Config\Cache), false)
12 FCPATH/index.php(67): CodeIgniter\CodeIgniter->run()
13 SYSTEMPATH/Commands/Server/rewrite.php(47): require_once('FCPATH/index.php')
