CRITICAL - 2023-05-15 12:17:26 --> Invalid file: "layouts/sidebar.php"
in SYSTEMPATH/Exceptions/FrameworkException.php on line 33.
 1 SYSTEMPATH/View/View.php(201): CodeIgniter\Exceptions\FrameworkException::forInvalidFile('layouts/sidebar.php')
 2 SYSTEMPATH/View/View.php(431): CodeIgniter\View\View->render('layouts/sidebar', null, true)
 3 APPPATH/Views/base.php(15): CodeIgniter\View\View->include('layouts/sidebar')
 4 SYSTEMPATH/View/View.php(213): include('APPPATH/Views/base.php')
 5 SYSTEMPATH/View/View.php(216): CodeIgniter\View\View->CodeIgniter\View\{closure}()
 6 SYSTEMPATH/View/View.php(229): CodeIgniter\View\View->render('base', [], true)
 7 SYSTEMPATH/Common.php(1184): CodeIgniter\View\View->render('product/index', [], true)
 8 APPPATH/Controllers/Product.php(28): view('product/index', [...])
 9 SYSTEMPATH/CodeIgniter.php(934): App\Controllers\Product->index()
10 SYSTEMPATH/CodeIgniter.php(499): CodeIgniter\CodeIgniter->runController(Object(App\Controllers\Product))
11 SYSTEMPATH/CodeIgniter.php(368): CodeIgniter\CodeIgniter->handleRequest(null, Object(Config\Cache), false)
12 FCPATH/index.php(67): CodeIgniter\CodeIgniter->run()
13 SYSTEMPATH/Commands/Server/rewrite.php(47): require_once('FCPATH/index.php')
CRITICAL - 2023-05-15 12:17:27 --> Invalid file: "layouts/sidebar.php"
in SYSTEMPATH/Exceptions/FrameworkException.php on line 33.
 1 SYSTEMPATH/View/View.php(201): CodeIgniter\Exceptions\FrameworkException::forInvalidFile('layouts/sidebar.php')
 2 SYSTEMPATH/View/View.php(431): CodeIgniter\View\View->render('layouts/sidebar', null, true)
 3 APPPATH/Views/base.php(15): CodeIgniter\View\View->include('layouts/sidebar')
 4 SYSTEMPATH/View/View.php(213): include('APPPATH/Views/base.php')
 5 SYSTEMPATH/View/View.php(216): CodeIgniter\View\View->CodeIgniter\View\{closure}()
 6 SYSTEMPATH/View/View.php(229): CodeIgniter\View\View->render('base', [], true)
 7 SYSTEMPATH/Common.php(1184): CodeIgniter\View\View->render('product/index', [], true)
 8 APPPATH/Controllers/Product.php(28): view('product/index', [...])
 9 SYSTEMPATH/CodeIgniter.php(934): App\Controllers\Product->index()
10 SYSTEMPATH/CodeIgniter.php(499): CodeIgniter\CodeIgniter->runController(Object(App\Controllers\Product))
11 SYSTEMPATH/CodeIgniter.php(368): CodeIgniter\CodeIgniter->handleRequest(null, Object(Config\Cache), false)
12 FCPATH/index.php(67): CodeIgniter\CodeIgniter->run()
13 SYSTEMPATH/Commands/Server/rewrite.php(47): require_once('FCPATH/index.php')
CRITICAL - 2023-05-15 12:26:25 --> Invalid file: "v2/head.php"
in SYSTEMPATH/Exceptions/FrameworkException.php on line 33.
 1 SYSTEMPATH/View/View.php(201): CodeIgniter\Exceptions\FrameworkException::forInvalidFile('v2/head.php')
 2 SYSTEMPATH/View/View.php(431): CodeIgniter\View\View->render('v2/head', null, true)
 3 APPPATH/Views/base.php(5): CodeIgniter\View\View->include('v2/head')
 4 SYSTEMPATH/View/View.php(213): include('APPPATH/Views/base.php')
 5 SYSTEMPATH/View/View.php(216): CodeIgniter\View\View->CodeIgniter\View\{closure}()
 6 SYSTEMPATH/View/View.php(229): CodeIgniter\View\View->render('base', [], true)
 7 SYSTEMPATH/Common.php(1184): CodeIgniter\View\View->render('product/index', [], true)
 8 APPPATH/Controllers/Product.php(28): view('product/index', [...])
 9 SYSTEMPATH/CodeIgniter.php(934): App\Controllers\Product->index()
10 SYSTEMPATH/CodeIgniter.php(499): CodeIgniter\CodeIgniter->runController(Object(App\Controllers\Product))
11 SYSTEMPATH/CodeIgniter.php(368): CodeIgniter\CodeIgniter->handleRequest(null, Object(Config\Cache), false)
12 FCPATH/index.php(67): CodeIgniter\CodeIgniter->run()
13 SYSTEMPATH/Commands/Server/rewrite.php(47): require_once('FCPATH/index.php')
CRITICAL - 2023-05-15 12:26:26 --> Invalid file: "v2/head.php"
in SYSTEMPATH/Exceptions/FrameworkException.php on line 33.
 1 SYSTEMPATH/View/View.php(201): CodeIgniter\Exceptions\FrameworkException::forInvalidFile('v2/head.php')
 2 SYSTEMPATH/View/View.php(431): CodeIgniter\View\View->render('v2/head', null, true)
 3 APPPATH/Views/base.php(5): CodeIgniter\View\View->include('v2/head')
 4 SYSTEMPATH/View/View.php(213): include('APPPATH/Views/base.php')
 5 SYSTEMPATH/View/View.php(216): CodeIgniter\View\View->CodeIgniter\View\{closure}()
 6 SYSTEMPATH/View/View.php(229): CodeIgniter\View\View->render('base', [], true)
 7 SYSTEMPATH/Common.php(1184): CodeIgniter\View\View->render('product/index', [], true)
 8 APPPATH/Controllers/Product.php(28): view('product/index', [...])
 9 SYSTEMPATH/CodeIgniter.php(934): App\Controllers\Product->index()
10 SYSTEMPATH/CodeIgniter.php(499): CodeIgniter\CodeIgniter->runController(Object(App\Controllers\Product))
11 SYSTEMPATH/CodeIgniter.php(368): CodeIgniter\CodeIgniter->handleRequest(null, Object(Config\Cache), false)
12 FCPATH/index.php(67): CodeIgniter\CodeIgniter->run()
13 SYSTEMPATH/Commands/Server/rewrite.php(47): require_once('FCPATH/index.php')
